Arguments: 
  C:\Program Files\nodejs\node.exe C:\Users\sergb\AppData\Roaming\npm\node_modules\yarn\bin\yarn.js add react-bootstrap bootstrap

PATH: 
  C:\Python37-32\Scripts\;C:\Python37-32\;C:\WINDOWS\system32;C:\WINDOWS;C:\WINDOWS\System32\Wbem;C:\WINDOWS\System32\WindowsPowerShell\v1.0\;C:\Program Files (x86)\Brackets\command;C:\WINDOWS\System32\OpenSSH\;C:\Program Files\Git\cmd;C:\ProgramData\ComposerSetup\bin;C:\OSPanel\modules\php\PHP-7.2-x64;C:\Users\sergb\AppData\Local\Programs\Python\Python37-32;C:\Users\sergb\AppData\Local\Programs\Python\Python37-32\Scripts;C:\Files;C:\Program Files (x86)\Microsoft SQL Server\Client SDK\ODBC\110\Tools\Binn\;C:\Program Files (x86)\Microsoft SQL Server\120\Tools\Binn\;C:\Program Files (x86)\Microsoft SQL Server\120\DTS\Binn\;C:\Program Files (x86)\Microsoft SQL Server\150\DTS\Binn\;C:\Program Files\nodejs\;C:\Program Files\PuTTY\;C:\Program Files\TortoiseGit\bin;C:\Users\sergb\AppData\Local\Microsoft\WindowsApps;C:\Users\sergb\AppData\Local\atom\bin;C:\Users\sergb\AppData\Roaming\Composer\vendor\bin;C:\Users\sergb\AppData\Local\Programs\Python\Python37-32;C:\Users\sergb\AppData\Local\Programs\Python\Python37-32\Scripts;C:\Files;C:\Users\sergb\AppData\Roaming\npm;C:\Users\sergb\AppData\Local\Microsoft\WindowsApps;D:\AndroidSDK;

Yarn version: 
  1.16.0

Node version: 
  10.16.3

Platform: 
  win32 x64

Trace: 
  Error: EPERM: operation not permitted, unlink 'E:\MyPro\React\Calc\node_modules\node-libs-browser\node_modules\punycode'

npm manifest: 
  {
    "name": "CardGame",
    "version": "1.0.0",
    "description": "",
    "main": "index.js",
    "scripts": {
      "dev": "webpack-dev-server --mode development --open",
      "build": "webpack --mode production"
    },
    "author": "",
    "license": "ISC",
    "dependencies": {
      "npm": "^6.4.1",
      "react": "^16.5.0",
      "react-dom": "^16.5.0"
    },
    "devDependencies": {
      "babel": "^6.23.0",
      "babel-core": "^6.26.3",
      "babel-loader": "^7.1.5",
      "babel-preset-env": "^1.7.0",
      "babel-preset-react": "^6.24.1",
      "babel-preset-stage-3": "^6.24.1",
      "css-loader": "^1.0.0",
      "extract-text-webpack-plugin": "^4.0.0-beta.0",
      "react-redux": "^5.0.7",
      "redux": "^4.0.0",
      "style-loader": "^0.23.0",
      "webpack": "^4.17.2",
      "webpack-cli": "^3.1.0",
      "webpack-dev-server": "^3.1.8"
    }
  }

yarn manifest: 
  No manifest

Lockfile: 
  No lockfile
